<?xml version="1.0" encoding="UTF-8"?>
<testng-results skipped="0" failed="9" total="25" passed="16">
  <reporter-output>
  </reporter-output>
  <suite name="Default suite" duration-ms="442217" started-at="2016-08-09T09:15:05Z" finished-at="2016-08-09T09:22:27Z">
    <groups>
    </groups>
    <test name="Default test" duration-ms="442217" started-at="2016-08-09T09:15:05Z" finished-at="2016-08-09T09:22:27Z">
      <class name="AutomateForm.FormAutomate">
        <test-method status="PASS" signature="openBrowser()[pri:0, instance:AutomateForm.FormAutomate@e45eb6]" name="openBrowser" is-config="true" duration-ms="10806" started-at="2016-08-09T14:45:05Z" finished-at="2016-08-09T14:45:15Z">
          <reporter-output>
          </reporter-output>
        </test-method> <!-- openBrowser -->
        <test-method status="PASS" signature="goToUrl()[pri:0, instance:AutomateForm.FormAutomate@e45eb6]" name="goToUrl" is-config="true" duration-ms="12801" started-at="2016-08-09T14:45:15Z" finished-at="2016-08-09T14:45:28Z">
          <reporter-output>
          </reporter-output>
        </test-method> <!-- goToUrl -->
        <test-method status="PASS" signature="textArea()[pri:0, instance:AutomateForm.FormAutomate@e45eb6]" name="textArea" duration-ms="585" started-at="2016-08-09T14:45:28Z" finished-at="2016-08-09T14:45:29Z">
          <reporter-output>
          </reporter-output>
        </test-method> <!-- textArea -->
        <test-method status="PASS" signature="goToUrl()[pri:0, instance:AutomateForm.FormAutomate@e45eb6]" name="goToUrl" is-config="true" duration-ms="8499" started-at="2016-08-09T14:45:29Z" finished-at="2016-08-09T14:45:37Z">
          <reporter-output>
          </reporter-output>
        </test-method> <!-- goToUrl -->
        <test-method status="PASS" signature="textBox()[pri:0, instance:AutomateForm.FormAutomate@e45eb6]" name="textBox" duration-ms="629" started-at="2016-08-09T14:45:37Z" finished-at="2016-08-09T14:45:38Z">
          <reporter-output>
          </reporter-output>
        </test-method> <!-- textBox -->
        <test-method status="PASS" signature="goToUrl()[pri:0, instance:AutomateForm.FormAutomate@e45eb6]" name="goToUrl" is-config="true" duration-ms="9256" started-at="2016-08-09T14:45:38Z" finished-at="2016-08-09T14:45:47Z">
          <reporter-output>
          </reporter-output>
        </test-method> <!-- goToUrl -->
        <test-method status="PASS" signature="checkBox()[pri:1, instance:AutomateForm.FormAutomate@e45eb6]" name="checkBox" duration-ms="553" started-at="2016-08-09T14:45:47Z" finished-at="2016-08-09T14:45:48Z">
          <reporter-output>
          </reporter-output>
        </test-method> <!-- checkBox -->
        <test-method status="PASS" signature="goToUrl()[pri:0, instance:AutomateForm.FormAutomate@e45eb6]" name="goToUrl" is-config="true" duration-ms="8899" started-at="2016-08-09T14:45:48Z" finished-at="2016-08-09T14:45:57Z">
          <reporter-output>
          </reporter-output>
        </test-method> <!-- goToUrl -->
        <test-method status="PASS" signature="radioButton()[pri:2, instance:AutomateForm.FormAutomate@e45eb6]" name="radioButton" duration-ms="434" started-at="2016-08-09T14:45:57Z" finished-at="2016-08-09T14:45:57Z">
          <reporter-output>
          </reporter-output>
        </test-method> <!-- radioButton -->
        <test-method status="PASS" signature="goToUrl()[pri:0, instance:AutomateForm.FormAutomate@e45eb6]" name="goToUrl" is-config="true" duration-ms="8730" started-at="2016-08-09T14:45:57Z" finished-at="2016-08-09T14:46:06Z">
          <reporter-output>
          </reporter-output>
        </test-method> <!-- goToUrl -->
        <test-method status="FAIL" signature="datePicker()[pri:3, instance:AutomateForm.FormAutomate@e45eb6]" name="datePicker" duration-ms="514" started-at="2016-08-09T14:46:06Z" finished-at="2016-08-09T14:46:06Z">
          <exception class="org.openqa.selenium.NoSuchElementException">
            <message>
              <![CDATA[Unable to locate element: {"method":"xpath","selector":".//*[@id='ui-datepicker-div']/table/tbody/tr[3]/td[2]/a"}
Command duration or timeout: 53 milliseconds
For documentation on this error, please visit: http://seleniumhq.org/exceptions/no_such_element.html
Build info: version: '2.53.1', revision: 'a36b8b1cd5757287168e54b817830adce9b0158d', time: '2016-06-30 19:26:09'
System info: host: 'DESKTOP-ONH91QT', ip: '192.168.56.1', os.name: 'Windows 10', os.arch: 'x86', os.version: '10.0', java.version: '1.8.0_101'
Driver info: org.openqa.selenium.firefox.FirefoxDriver
Capabilities [{applicationCacheEnabled=true, rotatable=false, handlesAlerts=true, databaseEnabled=true, version=46.0.1, platform=WINDOWS, nativeEvents=false, acceptSslCerts=true, webStorageEnabled=true, locationContextEnabled=true, browserName=firefox, takesScreenshot=true, javascriptEnabled=true, cssSelectorsEnabled=true}]
Session ID: ecf42ddb-164f-48c0-9900-0f6c6f6b9eb6
*** Element info: {Using=xpath, value=.//*[@id='ui-datepicker-div']/table/tbody/tr[3]/td[2]/a}]]>
            </message>
            <full-stacktrace>
              <![CDATA[org.openqa.selenium.NoSuchElementException: Unable to locate element: {"method":"xpath","selector":".//*[@id='ui-datepicker-div']/table/tbody/tr[3]/td[2]/a"}
Command duration or timeout: 53 milliseconds
For documentation on this error, please visit: http://seleniumhq.org/exceptions/no_such_element.html
Build info: version: '2.53.1', revision: 'a36b8b1cd5757287168e54b817830adce9b0158d', time: '2016-06-30 19:26:09'
System info: host: 'DESKTOP-ONH91QT', ip: '192.168.56.1', os.name: 'Windows 10', os.arch: 'x86', os.version: '10.0', java.version: '1.8.0_101'
Driver info: org.openqa.selenium.firefox.FirefoxDriver
Capabilities [{applicationCacheEnabled=true, rotatable=false, handlesAlerts=true, databaseEnabled=true, version=46.0.1, platform=WINDOWS, nativeEvents=false, acceptSslCerts=true, webStorageEnabled=true, locationContextEnabled=true, browserName=firefox, takesScreenshot=true, javascriptEnabled=true, cssSelectorsEnabled=true}]
Session ID: ecf42ddb-164f-48c0-9900-0f6c6f6b9eb6
*** Element info: {Using=xpath, value=.//*[@id='ui-datepicker-div']/table/tbody/tr[3]/td[2]/a}
	at sun.reflect.NativeConstructorAccessorImpl.newInstance0(Native Method)
	at sun.reflect.NativeConstructorAccessorImpl.newInstance(Unknown Source)
	at sun.reflect.DelegatingConstructorAccessorImpl.newInstance(Unknown Source)
	at java.lang.reflect.Constructor.newInstance(Unknown Source)
	at org.openqa.selenium.remote.ErrorHandler.createThrowable(ErrorHandler.java:206)
	at org.openqa.selenium.remote.ErrorHandler.throwIfResponseFailed(ErrorHandler.java:158)
	at org.openqa.selenium.remote.RemoteWebDriver.execute(RemoteWebDriver.java:678)
	at org.openqa.selenium.remote.RemoteWebDriver.findElement(RemoteWebDriver.java:363)
	at org.openqa.selenium.remote.RemoteWebDriver.findElementByXPath(RemoteWebDriver.java:500)
	at org.openqa.selenium.By$ByXPath.findElement(By.java:361)
	at org.openqa.selenium.remote.RemoteWebDriver.findElement(RemoteWebDriver.java:355)
	at AutomateForm.FormAutomate.datePicker(FormAutomate.java:115)
	at sun.reflect.NativeMethodAccessorImpl.invoke0(Native Method)
	at sun.reflect.NativeMethodAccessorImpl.invoke(Unknown Source)
	at sun.reflect.DelegatingMethodAccessorImpl.invoke(Unknown Source)
	at java.lang.reflect.Method.invoke(Unknown Source)
	at org.testng.internal.MethodInvocationHelper.invokeMethod(MethodInvocationHelper.java:86)
	at org.testng.internal.Invoker.invokeMethod(Invoker.java:643)
	at org.testng.internal.Invoker.invokeTestMethod(Invoker.java:820)
	at org.testng.internal.Invoker.invokeTestMethods(Invoker.java:1128)
	at org.testng.internal.TestMethodWorker.invokeTestMethods(TestMethodWorker.java:129)
	at org.testng.internal.TestMethodWorker.run(TestMethodWorker.java:112)
	at org.testng.TestRunner.privateRun(TestRunner.java:782)
	at org.testng.TestRunner.run(TestRunner.java:632)
	at org.testng.SuiteRunner.runTest(SuiteRunner.java:366)
	at org.testng.SuiteRunner.runSequentially(SuiteRunner.java:361)
	at org.testng.SuiteRunner.privateRun(SuiteRunner.java:319)
	at org.testng.SuiteRunner.run(SuiteRunner.java:268)
	at org.testng.SuiteRunnerWorker.runSuite(SuiteRunnerWorker.java:52)
	at org.testng.SuiteRunnerWorker.run(SuiteRunnerWorker.java:86)
	at org.testng.TestNG.runSuitesSequentially(TestNG.java:1244)
	at org.testng.TestNG.runSuitesLocally(TestNG.java:1169)
	at org.testng.TestNG.run(TestNG.java:1064)
	at org.testng.remote.AbstractRemoteTestNG.run(AbstractRemoteTestNG.java:126)
	at org.testng.remote.RemoteTestNG.initAndRun(RemoteTestNG.java:152)
	at org.testng.remote.RemoteTestNG.main(RemoteTestNG.java:57)
Caused by: org.openqa.selenium.NoSuchElementException: Unable to locate element: {"method":"xpath","selector":".//*[@id='ui-datepicker-div']/table/tbody/tr[3]/td[2]/a"}
For documentation on this error, please visit: http://seleniumhq.org/exceptions/no_such_element.html
Build info: version: '2.53.1', revision: 'a36b8b1cd5757287168e54b817830adce9b0158d', time: '2016-06-30 19:26:09'
System info: host: 'DESKTOP-ONH91QT', ip: '192.168.56.1', os.name: 'Windows 10', os.arch: 'x86', os.version: '10.0', java.version: '1.8.0_101'
Driver info: driver.version: unknown
	at <anonymous class>.FirefoxDriver.prototype.findElementInternal_(file:///C:/Users/UBAIDU~1/AppData/Local/Temp/anonymous611904942196363911webdriver-profile/extensions/fxdriver@googlecode.com/components/driver-component.js:10770)
	at <anonymous class>.FirefoxDriver.prototype.findElement(file:///C:/Users/UBAIDU~1/AppData/Local/Temp/anonymous611904942196363911webdriver-profile/extensions/fxdriver@googlecode.com/components/driver-component.js:10779)
	at <anonymous class>.DelayedCommand.prototype.executeInternal_/h(file:///C:/Users/UBAIDU~1/AppData/Local/Temp/anonymous611904942196363911webdriver-profile/extensions/fxdriver@googlecode.com/components/command-processor.js:12661)
	at <anonymous class>.DelayedCommand.prototype.executeInternal_(file:///C:/Users/UBAIDU~1/AppData/Local/Temp/anonymous611904942196363911webdriver-profile/extensions/fxdriver@googlecode.com/components/command-processor.js:12666)
	at <anonymous class>.DelayedCommand.prototype.execute/<(file:///C:/Users/UBAIDU~1/AppData/Local/Temp/anonymous611904942196363911webdriver-profile/extensions/fxdriver@googlecode.com/components/command-processor.js:12608)
]]>
            </full-stacktrace>
          </exception> <!-- org.openqa.selenium.NoSuchElementException -->
          <reporter-output>
          </reporter-output>
        </test-method> <!-- datePicker -->
        <test-method status="PASS" signature="goToUrl()[pri:0, instance:AutomateForm.FormAutomate@e45eb6]" name="goToUrl" is-config="true" duration-ms="8587" started-at="2016-08-09T14:46:06Z" finished-at="2016-08-09T14:46:15Z">
          <reporter-output>
          </reporter-output>
        </test-method> <!-- goToUrl -->
        <test-method status="PASS" signature="urlText()[pri:4, instance:AutomateForm.FormAutomate@e45eb6]" name="urlText" duration-ms="376" started-at="2016-08-09T14:46:15Z" finished-at="2016-08-09T14:46:15Z">
          <reporter-output>
          </reporter-output>
        </test-method> <!-- urlText -->
        <test-method status="PASS" signature="goToUrl()[pri:0, instance:AutomateForm.FormAutomate@e45eb6]" name="goToUrl" is-config="true" duration-ms="8810" started-at="2016-08-09T14:46:15Z" finished-at="2016-08-09T14:46:24Z">
          <reporter-output>
          </reporter-output>
        </test-method> <!-- goToUrl -->
        <test-method status="PASS" signature="dropdownSelect()[pri:5, instance:AutomateForm.FormAutomate@e45eb6]" name="dropdownSelect" duration-ms="500" started-at="2016-08-09T14:46:24Z" finished-at="2016-08-09T14:46:25Z">
          <reporter-output>
          </reporter-output>
        </test-method> <!-- dropdownSelect -->
        <test-method status="PASS" signature="goToUrl()[pri:0, instance:AutomateForm.FormAutomate@e45eb6]" name="goToUrl" is-config="true" duration-ms="12321" started-at="2016-08-09T14:46:25Z" finished-at="2016-08-09T14:46:37Z">
          <reporter-output>
          </reporter-output>
        </test-method> <!-- goToUrl -->
        <test-method status="FAIL" signature="verificationTextAndSubmitError(java.lang.String)[pri:6, instance:AutomateForm.FormAutomate@e45eb6]" name="verificationTextAndSubmitError" duration-ms="608" started-at="2016-08-09T14:46:37Z" data-provider="getData" finished-at="2016-08-09T14:46:37Z">
          <params>
            <param index="0">
              <value>
                <![CDATA[200]]>
              </value>
            </param>
          </params>
          <exception class="org.openqa.selenium.NoSuchElementException">
            <message>
              <![CDATA[Unable to locate element: {"method":"css selector","selector":".vfb-error"}
Command duration or timeout: 32 milliseconds
For documentation on this error, please visit: http://seleniumhq.org/exceptions/no_such_element.html
Build info: version: '2.53.1', revision: 'a36b8b1cd5757287168e54b817830adce9b0158d', time: '2016-06-30 19:26:09'
System info: host: 'DESKTOP-ONH91QT', ip: '192.168.56.1', os.name: 'Windows 10', os.arch: 'x86', os.version: '10.0', java.version: '1.8.0_101'
Driver info: org.openqa.selenium.firefox.FirefoxDriver
Capabilities [{applicationCacheEnabled=true, rotatable=false, handlesAlerts=true, databaseEnabled=true, version=46.0.1, platform=WINDOWS, nativeEvents=false, acceptSslCerts=true, webStorageEnabled=true, locationContextEnabled=true, browserName=firefox, takesScreenshot=true, javascriptEnabled=true, cssSelectorsEnabled=true}]
Session ID: ecf42ddb-164f-48c0-9900-0f6c6f6b9eb6
*** Element info: {Using=css selector, value=.vfb-error}]]>
            </message>
            <full-stacktrace>
              <![CDATA[org.openqa.selenium.NoSuchElementException: Unable to locate element: {"method":"css selector","selector":".vfb-error"}
Command duration or timeout: 32 milliseconds
For documentation on this error, please visit: http://seleniumhq.org/exceptions/no_such_element.html
Build info: version: '2.53.1', revision: 'a36b8b1cd5757287168e54b817830adce9b0158d', time: '2016-06-30 19:26:09'
System info: host: 'DESKTOP-ONH91QT', ip: '192.168.56.1', os.name: 'Windows 10', os.arch: 'x86', os.version: '10.0', java.version: '1.8.0_101'
Driver info: org.openqa.selenium.firefox.FirefoxDriver
Capabilities [{applicationCacheEnabled=true, rotatable=false, handlesAlerts=true, databaseEnabled=true, version=46.0.1, platform=WINDOWS, nativeEvents=false, acceptSslCerts=true, webStorageEnabled=true, locationContextEnabled=true, browserName=firefox, takesScreenshot=true, javascriptEnabled=true, cssSelectorsEnabled=true}]
Session ID: ecf42ddb-164f-48c0-9900-0f6c6f6b9eb6
*** Element info: {Using=css selector, value=.vfb-error}
	at sun.reflect.NativeConstructorAccessorImpl.newInstance0(Native Method)
	at sun.reflect.NativeConstructorAccessorImpl.newInstance(Unknown Source)
	at sun.reflect.DelegatingConstructorAccessorImpl.newInstance(Unknown Source)
	at java.lang.reflect.Constructor.newInstance(Unknown Source)
	at org.openqa.selenium.remote.ErrorHandler.createThrowable(ErrorHandler.java:206)
	at org.openqa.selenium.remote.ErrorHandler.throwIfResponseFailed(ErrorHandler.java:158)
	at org.openqa.selenium.remote.RemoteWebDriver.execute(RemoteWebDriver.java:678)
	at org.openqa.selenium.remote.RemoteWebDriver.findElement(RemoteWebDriver.java:363)
	at org.openqa.selenium.remote.RemoteWebDriver.findElementByCssSelector(RemoteWebDriver.java:492)
	at org.openqa.selenium.By$ByCssSelector.findElement(By.java:430)
	at org.openqa.selenium.remote.RemoteWebDriver.findElement(RemoteWebDriver.java:355)
	at AutomateForm.FormAutomate.verificationTextAndSubmitError(FormAutomate.java:169)
	at sun.reflect.NativeMethodAccessorImpl.invoke0(Native Method)
	at sun.reflect.NativeMethodAccessorImpl.invoke(Unknown Source)
	at sun.reflect.DelegatingMethodAccessorImpl.invoke(Unknown Source)
	at java.lang.reflect.Method.invoke(Unknown Source)
	at org.testng.internal.MethodInvocationHelper.invokeMethod(MethodInvocationHelper.java:86)
	at org.testng.internal.Invoker.invokeMethod(Invoker.java:643)
	at org.testng.internal.Invoker.invokeTestMethod(Invoker.java:820)
	at org.testng.internal.Invoker.invokeTestMethods(Invoker.java:1128)
	at org.testng.internal.TestMethodWorker.invokeTestMethods(TestMethodWorker.java:129)
	at org.testng.internal.TestMethodWorker.run(TestMethodWorker.java:112)
	at org.testng.TestRunner.privateRun(TestRunner.java:782)
	at org.testng.TestRunner.run(TestRunner.java:632)
	at org.testng.SuiteRunner.runTest(SuiteRunner.java:366)
	at org.testng.SuiteRunner.runSequentially(SuiteRunner.java:361)
	at org.testng.SuiteRunner.privateRun(SuiteRunner.java:319)
	at org.testng.SuiteRunner.run(SuiteRunner.java:268)
	at org.testng.SuiteRunnerWorker.runSuite(SuiteRunnerWorker.java:52)
	at org.testng.SuiteRunnerWorker.run(SuiteRunnerWorker.java:86)
	at org.testng.TestNG.runSuitesSequentially(TestNG.java:1244)
	at org.testng.TestNG.runSuitesLocally(TestNG.java:1169)
	at org.testng.TestNG.run(TestNG.java:1064)
	at org.testng.remote.AbstractRemoteTestNG.run(AbstractRemoteTestNG.java:126)
	at org.testng.remote.RemoteTestNG.initAndRun(RemoteTestNG.java:152)
	at org.testng.remote.RemoteTestNG.main(RemoteTestNG.java:57)
Caused by: org.openqa.selenium.NoSuchElementException: Unable to locate element: {"method":"css selector","selector":".vfb-error"}
For documentation on this error, please visit: http://seleniumhq.org/exceptions/no_such_element.html
Build info: version: '2.53.1', revision: 'a36b8b1cd5757287168e54b817830adce9b0158d', time: '2016-06-30 19:26:09'
System info: host: 'DESKTOP-ONH91QT', ip: '192.168.56.1', os.name: 'Windows 10', os.arch: 'x86', os.version: '10.0', java.version: '1.8.0_101'
Driver info: driver.version: unknown
	at <anonymous class>.FirefoxDriver.prototype.findElementInternal_(file:///C:/Users/UBAIDU~1/AppData/Local/Temp/anonymous611904942196363911webdriver-profile/extensions/fxdriver@googlecode.com/components/driver-component.js:10770)
	at <anonymous class>.FirefoxDriver.prototype.findElement(file:///C:/Users/UBAIDU~1/AppData/Local/Temp/anonymous611904942196363911webdriver-profile/extensions/fxdriver@googlecode.com/components/driver-component.js:10779)
	at <anonymous class>.DelayedCommand.prototype.executeInternal_/h(file:///C:/Users/UBAIDU~1/AppData/Local/Temp/anonymous611904942196363911webdriver-profile/extensions/fxdriver@googlecode.com/components/command-processor.js:12661)
	at <anonymous class>.DelayedCommand.prototype.executeInternal_(file:///C:/Users/UBAIDU~1/AppData/Local/Temp/anonymous611904942196363911webdriver-profile/extensions/fxdriver@googlecode.com/components/command-processor.js:12666)
	at <anonymous class>.DelayedCommand.prototype.execute/<(file:///C:/Users/UBAIDU~1/AppData/Local/Temp/anonymous611904942196363911webdriver-profile/extensions/fxdriver@googlecode.com/components/command-processor.js:12608)
]]>
            </full-stacktrace>
          </exception> <!-- org.openqa.selenium.NoSuchElementException -->
          <reporter-output>
          </reporter-output>
        </test-method> <!-- verificationTextAndSubmitError -->
        <test-method status="PASS" signature="goToUrl()[pri:0, instance:AutomateForm.FormAutomate@e45eb6]" name="goToUrl" is-config="true" duration-ms="8163" started-at="2016-08-09T14:46:37Z" finished-at="2016-08-09T14:46:46Z">
          <reporter-output>
          </reporter-output>
        </test-method> <!-- goToUrl -->
        <test-method status="FAIL" signature="verificationTextAndSubmitError(java.lang.String)[pri:6, instance:AutomateForm.FormAutomate@e45eb6]" name="verificationTextAndSubmitError" duration-ms="614" started-at="2016-08-09T14:46:46Z" data-provider="getData" finished-at="2016-08-09T14:46:46Z">
          <params>
            <param index="0">
              <value>
                <![CDATA[tt]]>
              </value>
            </param>
          </params>
          <exception class="org.openqa.selenium.NoSuchElementException">
            <message>
              <![CDATA[Unable to locate element: {"method":"css selector","selector":".vfb-error"}
Command duration or timeout: 49 milliseconds
For documentation on this error, please visit: http://seleniumhq.org/exceptions/no_such_element.html
Build info: version: '2.53.1', revision: 'a36b8b1cd5757287168e54b817830adce9b0158d', time: '2016-06-30 19:26:09'
System info: host: 'DESKTOP-ONH91QT', ip: '192.168.56.1', os.name: 'Windows 10', os.arch: 'x86', os.version: '10.0', java.version: '1.8.0_101'
Driver info: org.openqa.selenium.firefox.FirefoxDriver
Capabilities [{applicationCacheEnabled=true, rotatable=false, handlesAlerts=true, databaseEnabled=true, version=46.0.1, platform=WINDOWS, nativeEvents=false, acceptSslCerts=true, webStorageEnabled=true, locationContextEnabled=true, browserName=firefox, takesScreenshot=true, javascriptEnabled=true, cssSelectorsEnabled=true}]
Session ID: ecf42ddb-164f-48c0-9900-0f6c6f6b9eb6
*** Element info: {Using=css selector, value=.vfb-error}]]>
            </message>
            <full-stacktrace>
              <![CDATA[org.openqa.selenium.NoSuchElementException: Unable to locate element: {"method":"css selector","selector":".vfb-error"}
Command duration or timeout: 49 milliseconds
For documentation on this error, please visit: http://seleniumhq.org/exceptions/no_such_element.html
Build info: version: '2.53.1', revision: 'a36b8b1cd5757287168e54b817830adce9b0158d', time: '2016-06-30 19:26:09'
System info: host: 'DESKTOP-ONH91QT', ip: '192.168.56.1', os.name: 'Windows 10', os.arch: 'x86', os.version: '10.0', java.version: '1.8.0_101'
Driver info: org.openqa.selenium.firefox.FirefoxDriver
Capabilities [{applicationCacheEnabled=true, rotatable=false, handlesAlerts=true, databaseEnabled=true, version=46.0.1, platform=WINDOWS, nativeEvents=false, acceptSslCerts=true, webStorageEnabled=true, locationContextEnabled=true, browserName=firefox, takesScreenshot=true, javascriptEnabled=true, cssSelectorsEnabled=true}]
Session ID: ecf42ddb-164f-48c0-9900-0f6c6f6b9eb6
*** Element info: {Using=css selector, value=.vfb-error}
	at sun.reflect.NativeConstructorAccessorImpl.newInstance0(Native Method)
	at sun.reflect.NativeConstructorAccessorImpl.newInstance(Unknown Source)
	at sun.reflect.DelegatingConstructorAccessorImpl.newInstance(Unknown Source)
	at java.lang.reflect.Constructor.newInstance(Unknown Source)
	at org.openqa.selenium.remote.ErrorHandler.createThrowable(ErrorHandler.java:206)
	at org.openqa.selenium.remote.ErrorHandler.throwIfResponseFailed(ErrorHandler.java:158)
	at org.openqa.selenium.remote.RemoteWebDriver.execute(RemoteWebDriver.java:678)
	at org.openqa.selenium.remote.RemoteWebDriver.findElement(RemoteWebDriver.java:363)
	at org.openqa.selenium.remote.RemoteWebDriver.findElementByCssSelector(RemoteWebDriver.java:492)
	at org.openqa.selenium.By$ByCssSelector.findElement(By.java:430)
	at org.openqa.selenium.remote.RemoteWebDriver.findElement(RemoteWebDriver.java:355)
	at AutomateForm.FormAutomate.verificationTextAndSubmitError(FormAutomate.java:169)
	at sun.reflect.NativeMethodAccessorImpl.invoke0(Native Method)
	at sun.reflect.NativeMethodAccessorImpl.invoke(Unknown Source)
	at sun.reflect.DelegatingMethodAccessorImpl.invoke(Unknown Source)
	at java.lang.reflect.Method.invoke(Unknown Source)
	at org.testng.internal.MethodInvocationHelper.invokeMethod(MethodInvocationHelper.java:86)
	at org.testng.internal.Invoker.invokeMethod(Invoker.java:643)
	at org.testng.internal.Invoker.invokeTestMethod(Invoker.java:820)
	at org.testng.internal.Invoker.invokeTestMethods(Invoker.java:1128)
	at org.testng.internal.TestMethodWorker.invokeTestMethods(TestMethodWorker.java:129)
	at org.testng.internal.TestMethodWorker.run(TestMethodWorker.java:112)
	at org.testng.TestRunner.privateRun(TestRunner.java:782)
	at org.testng.TestRunner.run(TestRunner.java:632)
	at org.testng.SuiteRunner.runTest(SuiteRunner.java:366)
	at org.testng.SuiteRunner.runSequentially(SuiteRunner.java:361)
	at org.testng.SuiteRunner.privateRun(SuiteRunner.java:319)
	at org.testng.SuiteRunner.run(SuiteRunner.java:268)
	at org.testng.SuiteRunnerWorker.runSuite(SuiteRunnerWorker.java:52)
	at org.testng.SuiteRunnerWorker.run(SuiteRunnerWorker.java:86)
	at org.testng.TestNG.runSuitesSequentially(TestNG.java:1244)
	at org.testng.TestNG.runSuitesLocally(TestNG.java:1169)
	at org.testng.TestNG.run(TestNG.java:1064)
	at org.testng.remote.AbstractRemoteTestNG.run(AbstractRemoteTestNG.java:126)
	at org.testng.remote.RemoteTestNG.initAndRun(RemoteTestNG.java:152)
	at org.testng.remote.RemoteTestNG.main(RemoteTestNG.java:57)
Caused by: org.openqa.selenium.NoSuchElementException: Unable to locate element: {"method":"css selector","selector":".vfb-error"}
For documentation on this error, please visit: http://seleniumhq.org/exceptions/no_such_element.html
Build info: version: '2.53.1', revision: 'a36b8b1cd5757287168e54b817830adce9b0158d', time: '2016-06-30 19:26:09'
System info: host: 'DESKTOP-ONH91QT', ip: '192.168.56.1', os.name: 'Windows 10', os.arch: 'x86', os.version: '10.0', java.version: '1.8.0_101'
Driver info: driver.version: unknown
	at <anonymous class>.FirefoxDriver.prototype.findElementInternal_(file:///C:/Users/UBAIDU~1/AppData/Local/Temp/anonymous611904942196363911webdriver-profile/extensions/fxdriver@googlecode.com/components/driver-component.js:10770)
	at <anonymous class>.FirefoxDriver.prototype.findElement(file:///C:/Users/UBAIDU~1/AppData/Local/Temp/anonymous611904942196363911webdriver-profile/extensions/fxdriver@googlecode.com/components/driver-component.js:10779)
	at <anonymous class>.DelayedCommand.prototype.executeInternal_/h(file:///C:/Users/UBAIDU~1/AppData/Local/Temp/anonymous611904942196363911webdriver-profile/extensions/fxdriver@googlecode.com/components/command-processor.js:12661)
	at <anonymous class>.DelayedCommand.prototype.executeInternal_(file:///C:/Users/UBAIDU~1/AppData/Local/Temp/anonymous611904942196363911webdriver-profile/extensions/fxdriver@googlecode.com/components/command-processor.js:12666)
	at <anonymous class>.DelayedCommand.prototype.execute/<(file:///C:/Users/UBAIDU~1/AppData/Local/Temp/anonymous611904942196363911webdriver-profile/extensions/fxdriver@googlecode.com/components/command-processor.js:12608)
]]>
            </full-stacktrace>
          </exception> <!-- org.openqa.selenium.NoSuchElementException -->
          <reporter-output>
          </reporter-output>
        </test-method> <!-- verificationTextAndSubmitError -->
        <test-method status="PASS" signature="goToUrl()[pri:0, instance:AutomateForm.FormAutomate@e45eb6]" name="goToUrl" is-config="true" duration-ms="93328" started-at="2016-08-09T14:46:46Z" finished-at="2016-08-09T14:48:20Z">
          <reporter-output>
          </reporter-output>
        </test-method> <!-- goToUrl -->
        <test-method status="FAIL" signature="verificationTextAndSubmitError(java.lang.String)[pri:6, instance:AutomateForm.FormAutomate@e45eb6]" name="verificationTextAndSubmitError" duration-ms="599" started-at="2016-08-09T14:48:20Z" data-provider="getData" finished-at="2016-08-09T14:48:20Z">
          <params>
            <param index="0">
              <value>
                <![CDATA[text]]>
              </value>
            </param>
          </params>
          <exception class="org.openqa.selenium.NoSuchElementException">
            <message>
              <![CDATA[Unable to locate element: {"method":"css selector","selector":".vfb-error"}
Command duration or timeout: 55 milliseconds
For documentation on this error, please visit: http://seleniumhq.org/exceptions/no_such_element.html
Build info: version: '2.53.1', revision: 'a36b8b1cd5757287168e54b817830adce9b0158d', time: '2016-06-30 19:26:09'
System info: host: 'DESKTOP-ONH91QT', ip: '192.168.56.1', os.name: 'Windows 10', os.arch: 'x86', os.version: '10.0', java.version: '1.8.0_101'
Driver info: org.openqa.selenium.firefox.FirefoxDriver
Capabilities [{applicationCacheEnabled=true, rotatable=false, handlesAlerts=true, databaseEnabled=true, version=46.0.1, platform=WINDOWS, nativeEvents=false, acceptSslCerts=true, webStorageEnabled=true, locationContextEnabled=true, browserName=firefox, takesScreenshot=true, javascriptEnabled=true, cssSelectorsEnabled=true}]
Session ID: ecf42ddb-164f-48c0-9900-0f6c6f6b9eb6
*** Element info: {Using=css selector, value=.vfb-error}]]>
            </message>
            <full-stacktrace>
              <![CDATA[org.openqa.selenium.NoSuchElementException: Unable to locate element: {"method":"css selector","selector":".vfb-error"}
Command duration or timeout: 55 milliseconds
For documentation on this error, please visit: http://seleniumhq.org/exceptions/no_such_element.html
Build info: version: '2.53.1', revision: 'a36b8b1cd5757287168e54b817830adce9b0158d', time: '2016-06-30 19:26:09'
System info: host: 'DESKTOP-ONH91QT', ip: '192.168.56.1', os.name: 'Windows 10', os.arch: 'x86', os.version: '10.0', java.version: '1.8.0_101'
Driver info: org.openqa.selenium.firefox.FirefoxDriver
Capabilities [{applicationCacheEnabled=true, rotatable=false, handlesAlerts=true, databaseEnabled=true, version=46.0.1, platform=WINDOWS, nativeEvents=false, acceptSslCerts=true, webStorageEnabled=true, locationContextEnabled=true, browserName=firefox, takesScreenshot=true, javascriptEnabled=true, cssSelectorsEnabled=true}]
Session ID: ecf42ddb-164f-48c0-9900-0f6c6f6b9eb6
*** Element info: {Using=css selector, value=.vfb-error}
	at sun.reflect.NativeConstructorAccessorImpl.newInstance0(Native Method)
	at sun.reflect.NativeConstructorAccessorImpl.newInstance(Unknown Source)
	at sun.reflect.DelegatingConstructorAccessorImpl.newInstance(Unknown Source)
	at java.lang.reflect.Constructor.newInstance(Unknown Source)
	at org.openqa.selenium.remote.ErrorHandler.createThrowable(ErrorHandler.java:206)
	at org.openqa.selenium.remote.ErrorHandler.throwIfResponseFailed(ErrorHandler.java:158)
	at org.openqa.selenium.remote.RemoteWebDriver.execute(RemoteWebDriver.java:678)
	at org.openqa.selenium.remote.RemoteWebDriver.findElement(RemoteWebDriver.java:363)
	at org.openqa.selenium.remote.RemoteWebDriver.findElementByCssSelector(RemoteWebDriver.java:492)
	at org.openqa.selenium.By$ByCssSelector.findElement(By.java:430)
	at org.openqa.selenium.remote.RemoteWebDriver.findElement(RemoteWebDriver.java:355)
	at AutomateForm.FormAutomate.verificationTextAndSubmitError(FormAutomate.java:169)
	at sun.reflect.NativeMethodAccessorImpl.invoke0(Native Method)
	at sun.reflect.NativeMethodAccessorImpl.invoke(Unknown Source)
	at sun.reflect.DelegatingMethodAccessorImpl.invoke(Unknown Source)
	at java.lang.reflect.Method.invoke(Unknown Source)
	at org.testng.internal.MethodInvocationHelper.invokeMethod(MethodInvocationHelper.java:86)
	at org.testng.internal.Invoker.invokeMethod(Invoker.java:643)
	at org.testng.internal.Invoker.invokeTestMethod(Invoker.java:820)
	at org.testng.internal.Invoker.invokeTestMethods(Invoker.java:1128)
	at org.testng.internal.TestMethodWorker.invokeTestMethods(TestMethodWorker.java:129)
	at org.testng.internal.TestMethodWorker.run(TestMethodWorker.java:112)
	at org.testng.TestRunner.privateRun(TestRunner.java:782)
	at org.testng.TestRunner.run(TestRunner.java:632)
	at org.testng.SuiteRunner.runTest(SuiteRunner.java:366)
	at org.testng.SuiteRunner.runSequentially(SuiteRunner.java:361)
	at org.testng.SuiteRunner.privateRun(SuiteRunner.java:319)
	at org.testng.SuiteRunner.run(SuiteRunner.java:268)
	at org.testng.SuiteRunnerWorker.runSuite(SuiteRunnerWorker.java:52)
	at org.testng.SuiteRunnerWorker.run(SuiteRunnerWorker.java:86)
	at org.testng.TestNG.runSuitesSequentially(TestNG.java:1244)
	at org.testng.TestNG.runSuitesLocally(TestNG.java:1169)
	at org.testng.TestNG.run(TestNG.java:1064)
	at org.testng.remote.AbstractRemoteTestNG.run(AbstractRemoteTestNG.java:126)
	at org.testng.remote.RemoteTestNG.initAndRun(RemoteTestNG.java:152)
	at org.testng.remote.RemoteTestNG.main(RemoteTestNG.java:57)
Caused by: org.openqa.selenium.NoSuchElementException: Unable to locate element: {"method":"css selector","selector":".vfb-error"}
For documentation on this error, please visit: http://seleniumhq.org/exceptions/no_such_element.html
Build info: version: '2.53.1', revision: 'a36b8b1cd5757287168e54b817830adce9b0158d', time: '2016-06-30 19:26:09'
System info: host: 'DESKTOP-ONH91QT', ip: '192.168.56.1', os.name: 'Windows 10', os.arch: 'x86', os.version: '10.0', java.version: '1.8.0_101'
Driver info: driver.version: unknown
	at <anonymous class>.FirefoxDriver.prototype.findElementInternal_(file:///C:/Users/UBAIDU~1/AppData/Local/Temp/anonymous611904942196363911webdriver-profile/extensions/fxdriver@googlecode.com/components/driver-component.js:10770)
	at <anonymous class>.FirefoxDriver.prototype.findElement(file:///C:/Users/UBAIDU~1/AppData/Local/Temp/anonymous611904942196363911webdriver-profile/extensions/fxdriver@googlecode.com/components/driver-component.js:10779)
	at <anonymous class>.DelayedCommand.prototype.executeInternal_/h(file:///C:/Users/UBAIDU~1/AppData/Local/Temp/anonymous611904942196363911webdriver-profile/extensions/fxdriver@googlecode.com/components/command-processor.js:12661)
	at <anonymous class>.DelayedCommand.prototype.executeInternal_(file:///C:/Users/UBAIDU~1/AppData/Local/Temp/anonymous611904942196363911webdriver-profile/extensions/fxdriver@googlecode.com/components/command-processor.js:12666)
	at <anonymous class>.DelayedCommand.prototype.execute/<(file:///C:/Users/UBAIDU~1/AppData/Local/Temp/anonymous611904942196363911webdriver-profile/extensions/fxdriver@googlecode.com/components/command-processor.js:12608)
]]>
            </full-stacktrace>
          </exception> <!-- org.openqa.selenium.NoSuchElementException -->
          <reporter-output>
          </reporter-output>
        </test-method> <!-- verificationTextAndSubmitError -->
        <test-method status="PASS" signature="goToUrl()[pri:0, instance:AutomateForm.FormAutomate@e45eb6]" name="goToUrl" is-config="true" duration-ms="9958" started-at="2016-08-09T14:48:20Z" finished-at="2016-08-09T14:48:30Z">
          <reporter-output>
          </reporter-output>
        </test-method> <!-- goToUrl -->
        <test-method status="FAIL" signature="verificationTextAndSubmitError(java.lang.String)[pri:6, instance:AutomateForm.FormAutomate@e45eb6]" name="verificationTextAndSubmitError" duration-ms="620" started-at="2016-08-09T14:48:30Z" data-provider="getData" finished-at="2016-08-09T14:48:31Z">
          <params>
            <param index="0">
              <value>
                <![CDATA[1+]]>
              </value>
            </param>
          </params>
          <exception class="org.openqa.selenium.NoSuchElementException">
            <message>
              <![CDATA[Unable to locate element: {"method":"css selector","selector":".vfb-error"}
Command duration or timeout: 52 milliseconds
For documentation on this error, please visit: http://seleniumhq.org/exceptions/no_such_element.html
Build info: version: '2.53.1', revision: 'a36b8b1cd5757287168e54b817830adce9b0158d', time: '2016-06-30 19:26:09'
System info: host: 'DESKTOP-ONH91QT', ip: '192.168.56.1', os.name: 'Windows 10', os.arch: 'x86', os.version: '10.0', java.version: '1.8.0_101'
Driver info: org.openqa.selenium.firefox.FirefoxDriver
Capabilities [{applicationCacheEnabled=true, rotatable=false, handlesAlerts=true, databaseEnabled=true, version=46.0.1, platform=WINDOWS, nativeEvents=false, acceptSslCerts=true, webStorageEnabled=true, locationContextEnabled=true, browserName=firefox, takesScreenshot=true, javascriptEnabled=true, cssSelectorsEnabled=true}]
Session ID: ecf42ddb-164f-48c0-9900-0f6c6f6b9eb6
*** Element info: {Using=css selector, value=.vfb-error}]]>
            </message>
            <full-stacktrace>
              <![CDATA[org.openqa.selenium.NoSuchElementException: Unable to locate element: {"method":"css selector","selector":".vfb-error"}
Command duration or timeout: 52 milliseconds
For documentation on this error, please visit: http://seleniumhq.org/exceptions/no_such_element.html
Build info: version: '2.53.1', revision: 'a36b8b1cd5757287168e54b817830adce9b0158d', time: '2016-06-30 19:26:09'
System info: host: 'DESKTOP-ONH91QT', ip: '192.168.56.1', os.name: 'Windows 10', os.arch: 'x86', os.version: '10.0', java.version: '1.8.0_101'
Driver info: org.openqa.selenium.firefox.FirefoxDriver
Capabilities [{applicationCacheEnabled=true, rotatable=false, handlesAlerts=true, databaseEnabled=true, version=46.0.1, platform=WINDOWS, nativeEvents=false, acceptSslCerts=true, webStorageEnabled=true, locationContextEnabled=true, browserName=firefox, takesScreenshot=true, javascriptEnabled=true, cssSelectorsEnabled=true}]
Session ID: ecf42ddb-164f-48c0-9900-0f6c6f6b9eb6
*** Element info: {Using=css selector, value=.vfb-error}
	at sun.reflect.NativeConstructorAccessorImpl.newInstance0(Native Method)
	at sun.reflect.NativeConstructorAccessorImpl.newInstance(Unknown Source)
	at sun.reflect.DelegatingConstructorAccessorImpl.newInstance(Unknown Source)
	at java.lang.reflect.Constructor.newInstance(Unknown Source)
	at org.openqa.selenium.remote.ErrorHandler.createThrowable(ErrorHandler.java:206)
	at org.openqa.selenium.remote.ErrorHandler.throwIfResponseFailed(ErrorHandler.java:158)
	at org.openqa.selenium.remote.RemoteWebDriver.execute(RemoteWebDriver.java:678)
	at org.openqa.selenium.remote.RemoteWebDriver.findElement(RemoteWebDriver.java:363)
	at org.openqa.selenium.remote.RemoteWebDriver.findElementByCssSelector(RemoteWebDriver.java:492)
	at org.openqa.selenium.By$ByCssSelector.findElement(By.java:430)
	at org.openqa.selenium.remote.RemoteWebDriver.findElement(RemoteWebDriver.java:355)
	at AutomateForm.FormAutomate.verificationTextAndSubmitError(FormAutomate.java:169)
	at sun.reflect.NativeMethodAccessorImpl.invoke0(Native Method)
	at sun.reflect.NativeMethodAccessorImpl.invoke(Unknown Source)
	at sun.reflect.DelegatingMethodAccessorImpl.invoke(Unknown Source)
	at java.lang.reflect.Method.invoke(Unknown Source)
	at org.testng.internal.MethodInvocationHelper.invokeMethod(MethodInvocationHelper.java:86)
	at org.testng.internal.Invoker.invokeMethod(Invoker.java:643)
	at org.testng.internal.Invoker.invokeTestMethod(Invoker.java:820)
	at org.testng.internal.Invoker.invokeTestMethods(Invoker.java:1128)
	at org.testng.internal.TestMethodWorker.invokeTestMethods(TestMethodWorker.java:129)
	at org.testng.internal.TestMethodWorker.run(TestMethodWorker.java:112)
	at org.testng.TestRunner.privateRun(TestRunner.java:782)
	at org.testng.TestRunner.run(TestRunner.java:632)
	at org.testng.SuiteRunner.runTest(SuiteRunner.java:366)
	at org.testng.SuiteRunner.runSequentially(SuiteRunner.java:361)
	at org.testng.SuiteRunner.privateRun(SuiteRunner.java:319)
	at org.testng.SuiteRunner.run(SuiteRunner.java:268)
	at org.testng.SuiteRunnerWorker.runSuite(SuiteRunnerWorker.java:52)
	at org.testng.SuiteRunnerWorker.run(SuiteRunnerWorker.java:86)
	at org.testng.TestNG.runSuitesSequentially(TestNG.java:1244)
	at org.testng.TestNG.runSuitesLocally(TestNG.java:1169)
	at org.testng.TestNG.run(TestNG.java:1064)
	at org.testng.remote.AbstractRemoteTestNG.run(AbstractRemoteTestNG.java:126)
	at org.testng.remote.RemoteTestNG.initAndRun(RemoteTestNG.java:152)
	at org.testng.remote.RemoteTestNG.main(RemoteTestNG.java:57)
Caused by: org.openqa.selenium.NoSuchElementException: Unable to locate element: {"method":"css selector","selector":".vfb-error"}
For documentation on this error, please visit: http://seleniumhq.org/exceptions/no_such_element.html
Build info: version: '2.53.1', revision: 'a36b8b1cd5757287168e54b817830adce9b0158d', time: '2016-06-30 19:26:09'
System info: host: 'DESKTOP-ONH91QT', ip: '192.168.56.1', os.name: 'Windows 10', os.arch: 'x86', os.version: '10.0', java.version: '1.8.0_101'
Driver info: driver.version: unknown
	at <anonymous class>.FirefoxDriver.prototype.findElementInternal_(file:///C:/Users/UBAIDU~1/AppData/Local/Temp/anonymous611904942196363911webdriver-profile/extensions/fxdriver@googlecode.com/components/driver-component.js:10770)
	at <anonymous class>.FirefoxDriver.prototype.findElement(file:///C:/Users/UBAIDU~1/AppData/Local/Temp/anonymous611904942196363911webdriver-profile/extensions/fxdriver@googlecode.com/components/driver-component.js:10779)
	at <anonymous class>.DelayedCommand.prototype.executeInternal_/h(file:///C:/Users/UBAIDU~1/AppData/Local/Temp/anonymous611904942196363911webdriver-profile/extensions/fxdriver@googlecode.com/components/command-processor.js:12661)
	at <anonymous class>.DelayedCommand.prototype.executeInternal_(file:///C:/Users/UBAIDU~1/AppData/Local/Temp/anonymous611904942196363911webdriver-profile/extensions/fxdriver@googlecode.com/components/command-processor.js:12666)
	at <anonymous class>.DelayedCommand.prototype.execute/<(file:///C:/Users/UBAIDU~1/AppData/Local/Temp/anonymous611904942196363911webdriver-profile/extensions/fxdriver@googlecode.com/components/command-processor.js:12608)
]]>
            </full-stacktrace>
          </exception> <!-- org.openqa.selenium.NoSuchElementException -->
          <reporter-output>
          </reporter-output>
        </test-method> <!-- verificationTextAndSubmitError -->
        <test-method status="PASS" signature="goToUrl()[pri:0, instance:AutomateForm.FormAutomate@e45eb6]" name="goToUrl" is-config="true" duration-ms="7723" started-at="2016-08-09T14:48:31Z" finished-at="2016-08-09T14:48:39Z">
          <reporter-output>
          </reporter-output>
        </test-method> <!-- goToUrl -->
        <test-method status="FAIL" signature="verificationTextAndSubmitError(java.lang.String)[pri:6, instance:AutomateForm.FormAutomate@e45eb6]" name="verificationTextAndSubmitError" duration-ms="829" started-at="2016-08-09T14:48:39Z" data-provider="getData" finished-at="2016-08-09T14:48:39Z">
          <params>
            <param index="0">
              <value>
                <![CDATA[0]]>
              </value>
            </param>
          </params>
          <exception class="org.openqa.selenium.NoSuchElementException">
            <message>
              <![CDATA[Unable to locate element: {"method":"css selector","selector":".vfb-error"}
Command duration or timeout: 47 milliseconds
For documentation on this error, please visit: http://seleniumhq.org/exceptions/no_such_element.html
Build info: version: '2.53.1', revision: 'a36b8b1cd5757287168e54b817830adce9b0158d', time: '2016-06-30 19:26:09'
System info: host: 'DESKTOP-ONH91QT', ip: '192.168.56.1', os.name: 'Windows 10', os.arch: 'x86', os.version: '10.0', java.version: '1.8.0_101'
Driver info: org.openqa.selenium.firefox.FirefoxDriver
Capabilities [{applicationCacheEnabled=true, rotatable=false, handlesAlerts=true, databaseEnabled=true, version=46.0.1, platform=WINDOWS, nativeEvents=false, acceptSslCerts=true, webStorageEnabled=true, locationContextEnabled=true, browserName=firefox, takesScreenshot=true, javascriptEnabled=true, cssSelectorsEnabled=true}]
Session ID: ecf42ddb-164f-48c0-9900-0f6c6f6b9eb6
*** Element info: {Using=css selector, value=.vfb-error}]]>
            </message>
            <full-stacktrace>
              <![CDATA[org.openqa.selenium.NoSuchElementException: Unable to locate element: {"method":"css selector","selector":".vfb-error"}
Command duration or timeout: 47 milliseconds
For documentation on this error, please visit: http://seleniumhq.org/exceptions/no_such_element.html
Build info: version: '2.53.1', revision: 'a36b8b1cd5757287168e54b817830adce9b0158d', time: '2016-06-30 19:26:09'
System info: host: 'DESKTOP-ONH91QT', ip: '192.168.56.1', os.name: 'Windows 10', os.arch: 'x86', os.version: '10.0', java.version: '1.8.0_101'
Driver info: org.openqa.selenium.firefox.FirefoxDriver
Capabilities [{applicationCacheEnabled=true, rotatable=false, handlesAlerts=true, databaseEnabled=true, version=46.0.1, platform=WINDOWS, nativeEvents=false, acceptSslCerts=true, webStorageEnabled=true, locationContextEnabled=true, browserName=firefox, takesScreenshot=true, javascriptEnabled=true, cssSelectorsEnabled=true}]
Session ID: ecf42ddb-164f-48c0-9900-0f6c6f6b9eb6
*** Element info: {Using=css selector, value=.vfb-error}
	at sun.reflect.NativeConstructorAccessorImpl.newInstance0(Native Method)
	at sun.reflect.NativeConstructorAccessorImpl.newInstance(Unknown Source)
	at sun.reflect.DelegatingConstructorAccessorImpl.newInstance(Unknown Source)
	at java.lang.reflect.Constructor.newInstance(Unknown Source)
	at org.openqa.selenium.remote.ErrorHandler.createThrowable(ErrorHandler.java:206)
	at org.openqa.selenium.remote.ErrorHandler.throwIfResponseFailed(ErrorHandler.java:158)
	at org.openqa.selenium.remote.RemoteWebDriver.execute(RemoteWebDriver.java:678)
	at org.openqa.selenium.remote.RemoteWebDriver.findElement(RemoteWebDriver.java:363)
	at org.openqa.selenium.remote.RemoteWebDriver.findElementByCssSelector(RemoteWebDriver.java:492)
	at org.openqa.selenium.By$ByCssSelector.findElement(By.java:430)
	at org.openqa.selenium.remote.RemoteWebDriver.findElement(RemoteWebDriver.java:355)
	at AutomateForm.FormAutomate.verificationTextAndSubmitError(FormAutomate.java:169)
	at sun.reflect.NativeMethodAccessorImpl.invoke0(Native Method)
	at sun.reflect.NativeMethodAccessorImpl.invoke(Unknown Source)
	at sun.reflect.DelegatingMethodAccessorImpl.invoke(Unknown Source)
	at java.lang.reflect.Method.invoke(Unknown Source)
	at org.testng.internal.MethodInvocationHelper.invokeMethod(MethodInvocationHelper.java:86)
	at org.testng.internal.Invoker.invokeMethod(Invoker.java:643)
	at org.testng.internal.Invoker.invokeTestMethod(Invoker.java:820)
	at org.testng.internal.Invoker.invokeTestMethods(Invoker.java:1128)
	at org.testng.internal.TestMethodWorker.invokeTestMethods(TestMethodWorker.java:129)
	at org.testng.internal.TestMethodWorker.run(TestMethodWorker.java:112)
	at org.testng.TestRunner.privateRun(TestRunner.java:782)
	at org.testng.TestRunner.run(TestRunner.java:632)
	at org.testng.SuiteRunner.runTest(SuiteRunner.java:366)
	at org.testng.SuiteRunner.runSequentially(SuiteRunner.java:361)
	at org.testng.SuiteRunner.privateRun(SuiteRunner.java:319)
	at org.testng.SuiteRunner.run(SuiteRunner.java:268)
	at org.testng.SuiteRunnerWorker.runSuite(SuiteRunnerWorker.java:52)
	at org.testng.SuiteRunnerWorker.run(SuiteRunnerWorker.java:86)
	at org.testng.TestNG.runSuitesSequentially(TestNG.java:1244)
	at org.testng.TestNG.runSuitesLocally(TestNG.java:1169)
	at org.testng.TestNG.run(TestNG.java:1064)
	at org.testng.remote.AbstractRemoteTestNG.run(AbstractRemoteTestNG.java:126)
	at org.testng.remote.RemoteTestNG.initAndRun(RemoteTestNG.java:152)
	at org.testng.remote.RemoteTestNG.main(RemoteTestNG.java:57)
Caused by: org.openqa.selenium.NoSuchElementException: Unable to locate element: {"method":"css selector","selector":".vfb-error"}
For documentation on this error, please visit: http://seleniumhq.org/exceptions/no_such_element.html
Build info: version: '2.53.1', revision: 'a36b8b1cd5757287168e54b817830adce9b0158d', time: '2016-06-30 19:26:09'
System info: host: 'DESKTOP-ONH91QT', ip: '192.168.56.1', os.name: 'Windows 10', os.arch: 'x86', os.version: '10.0', java.version: '1.8.0_101'
Driver info: driver.version: unknown
	at <anonymous class>.FirefoxDriver.prototype.findElementInternal_(file:///C:/Users/UBAIDU~1/AppData/Local/Temp/anonymous611904942196363911webdriver-profile/extensions/fxdriver@googlecode.com/components/driver-component.js:10770)
	at <anonymous class>.FirefoxDriver.prototype.findElement(file:///C:/Users/UBAIDU~1/AppData/Local/Temp/anonymous611904942196363911webdriver-profile/extensions/fxdriver@googlecode.com/components/driver-component.js:10779)
	at <anonymous class>.DelayedCommand.prototype.executeInternal_/h(file:///C:/Users/UBAIDU~1/AppData/Local/Temp/anonymous611904942196363911webdriver-profile/extensions/fxdriver@googlecode.com/components/command-processor.js:12661)
	at <anonymous class>.DelayedCommand.prototype.executeInternal_(file:///C:/Users/UBAIDU~1/AppData/Local/Temp/anonymous611904942196363911webdriver-profile/extensions/fxdriver@googlecode.com/components/command-processor.js:12666)
	at <anonymous class>.DelayedCommand.prototype.execute/<(file:///C:/Users/UBAIDU~1/AppData/Local/Temp/anonymous611904942196363911webdriver-profile/extensions/fxdriver@googlecode.com/components/command-processor.js:12608)
]]>
            </full-stacktrace>
          </exception> <!-- org.openqa.selenium.NoSuchElementException -->
          <reporter-output>
          </reporter-output>
        </test-method> <!-- verificationTextAndSubmitError -->
        <test-method status="PASS" signature="goToUrl()[pri:0, instance:AutomateForm.FormAutomate@e45eb6]" name="goToUrl" is-config="true" duration-ms="8343" started-at="2016-08-09T14:48:39Z" finished-at="2016-08-09T14:48:48Z">
          <reporter-output>
          </reporter-output>
        </test-method> <!-- goToUrl -->
        <test-method status="FAIL" signature="verificationTextAndSubmitSuccess()[pri:6, instance:AutomateForm.FormAutomate@e45eb6]" name="verificationTextAndSubmitSuccess" duration-ms="668" started-at="2016-08-09T14:48:48Z" finished-at="2016-08-09T14:48:48Z">
          <exception class="org.openqa.selenium.NoSuchElementException">
            <message>
              <![CDATA[Unable to locate element: {"method":"css selector","selector":"#form_success"}
Command duration or timeout: 59 milliseconds
For documentation on this error, please visit: http://seleniumhq.org/exceptions/no_such_element.html
Build info: version: '2.53.1', revision: 'a36b8b1cd5757287168e54b817830adce9b0158d', time: '2016-06-30 19:26:09'
System info: host: 'DESKTOP-ONH91QT', ip: '192.168.56.1', os.name: 'Windows 10', os.arch: 'x86', os.version: '10.0', java.version: '1.8.0_101'
Driver info: org.openqa.selenium.firefox.FirefoxDriver
Capabilities [{applicationCacheEnabled=true, rotatable=false, handlesAlerts=true, databaseEnabled=true, version=46.0.1, platform=WINDOWS, nativeEvents=false, acceptSslCerts=true, webStorageEnabled=true, locationContextEnabled=true, browserName=firefox, takesScreenshot=true, javascriptEnabled=true, cssSelectorsEnabled=true}]
Session ID: ecf42ddb-164f-48c0-9900-0f6c6f6b9eb6
*** Element info: {Using=css selector, value=#form_success}]]>
            </message>
            <full-stacktrace>
              <![CDATA[org.openqa.selenium.NoSuchElementException: Unable to locate element: {"method":"css selector","selector":"#form_success"}
Command duration or timeout: 59 milliseconds
For documentation on this error, please visit: http://seleniumhq.org/exceptions/no_such_element.html
Build info: version: '2.53.1', revision: 'a36b8b1cd5757287168e54b817830adce9b0158d', time: '2016-06-30 19:26:09'
System info: host: 'DESKTOP-ONH91QT', ip: '192.168.56.1', os.name: 'Windows 10', os.arch: 'x86', os.version: '10.0', java.version: '1.8.0_101'
Driver info: org.openqa.selenium.firefox.FirefoxDriver
Capabilities [{applicationCacheEnabled=true, rotatable=false, handlesAlerts=true, databaseEnabled=true, version=46.0.1, platform=WINDOWS, nativeEvents=false, acceptSslCerts=true, webStorageEnabled=true, locationContextEnabled=true, browserName=firefox, takesScreenshot=true, javascriptEnabled=true, cssSelectorsEnabled=true}]
Session ID: ecf42ddb-164f-48c0-9900-0f6c6f6b9eb6
*** Element info: {Using=css selector, value=#form_success}
	at sun.reflect.NativeConstructorAccessorImpl.newInstance0(Native Method)
	at sun.reflect.NativeConstructorAccessorImpl.newInstance(Unknown Source)
	at sun.reflect.DelegatingConstructorAccessorImpl.newInstance(Unknown Source)
	at java.lang.reflect.Constructor.newInstance(Unknown Source)
	at org.openqa.selenium.remote.ErrorHandler.createThrowable(ErrorHandler.java:206)
	at org.openqa.selenium.remote.ErrorHandler.throwIfResponseFailed(ErrorHandler.java:158)
	at org.openqa.selenium.remote.RemoteWebDriver.execute(RemoteWebDriver.java:678)
	at org.openqa.selenium.remote.RemoteWebDriver.findElement(RemoteWebDriver.java:363)
	at org.openqa.selenium.remote.RemoteWebDriver.findElementByCssSelector(RemoteWebDriver.java:492)
	at org.openqa.selenium.By$ByCssSelector.findElement(By.java:430)
	at org.openqa.selenium.remote.RemoteWebDriver.findElement(RemoteWebDriver.java:355)
	at AutomateForm.FormAutomate.verificationTextAndSubmitSuccess(FormAutomate.java:148)
	at sun.reflect.NativeMethodAccessorImpl.invoke0(Native Method)
	at sun.reflect.NativeMethodAccessorImpl.invoke(Unknown Source)
	at sun.reflect.DelegatingMethodAccessorImpl.invoke(Unknown Source)
	at java.lang.reflect.Method.invoke(Unknown Source)
	at org.testng.internal.MethodInvocationHelper.invokeMethod(MethodInvocationHelper.java:86)
	at org.testng.internal.Invoker.invokeMethod(Invoker.java:643)
	at org.testng.internal.Invoker.invokeTestMethod(Invoker.java:820)
	at org.testng.internal.Invoker.invokeTestMethods(Invoker.java:1128)
	at org.testng.internal.TestMethodWorker.invokeTestMethods(TestMethodWorker.java:129)
	at org.testng.internal.TestMethodWorker.run(TestMethodWorker.java:112)
	at org.testng.TestRunner.privateRun(TestRunner.java:782)
	at org.testng.TestRunner.run(TestRunner.java:632)
	at org.testng.SuiteRunner.runTest(SuiteRunner.java:366)
	at org.testng.SuiteRunner.runSequentially(SuiteRunner.java:361)
	at org.testng.SuiteRunner.privateRun(SuiteRunner.java:319)
	at org.testng.SuiteRunner.run(SuiteRunner.java:268)
	at org.testng.SuiteRunnerWorker.runSuite(SuiteRunnerWorker.java:52)
	at org.testng.SuiteRunnerWorker.run(SuiteRunnerWorker.java:86)
	at org.testng.TestNG.runSuitesSequentially(TestNG.java:1244)
	at org.testng.TestNG.runSuitesLocally(TestNG.java:1169)
	at org.testng.TestNG.run(TestNG.java:1064)
	at org.testng.remote.AbstractRemoteTestNG.run(AbstractRemoteTestNG.java:126)
	at org.testng.remote.RemoteTestNG.initAndRun(RemoteTestNG.java:152)
	at org.testng.remote.RemoteTestNG.main(RemoteTestNG.java:57)
Caused by: org.openqa.selenium.NoSuchElementException: Unable to locate element: {"method":"css selector","selector":"#form_success"}
For documentation on this error, please visit: http://seleniumhq.org/exceptions/no_such_element.html
Build info: version: '2.53.1', revision: 'a36b8b1cd5757287168e54b817830adce9b0158d', time: '2016-06-30 19:26:09'
System info: host: 'DESKTOP-ONH91QT', ip: '192.168.56.1', os.name: 'Windows 10', os.arch: 'x86', os.version: '10.0', java.version: '1.8.0_101'
Driver info: driver.version: unknown
	at <anonymous class>.FirefoxDriver.prototype.findElementInternal_(file:///C:/Users/UBAIDU~1/AppData/Local/Temp/anonymous611904942196363911webdriver-profile/extensions/fxdriver@googlecode.com/components/driver-component.js:10770)
	at <anonymous class>.FirefoxDriver.prototype.findElement(file:///C:/Users/UBAIDU~1/AppData/Local/Temp/anonymous611904942196363911webdriver-profile/extensions/fxdriver@googlecode.com/components/driver-component.js:10779)
	at <anonymous class>.DelayedCommand.prototype.executeInternal_/h(file:///C:/Users/UBAIDU~1/AppData/Local/Temp/anonymous611904942196363911webdriver-profile/extensions/fxdriver@googlecode.com/components/command-processor.js:12661)
	at <anonymous class>.DelayedCommand.prototype.executeInternal_(file:///C:/Users/UBAIDU~1/AppData/Local/Temp/anonymous611904942196363911webdriver-profile/extensions/fxdriver@googlecode.com/components/command-processor.js:12666)
	at <anonymous class>.DelayedCommand.prototype.execute/<(file:///C:/Users/UBAIDU~1/AppData/Local/Temp/anonymous611904942196363911webdriver-profile/extensions/fxdriver@googlecode.com/components/command-processor.js:12608)
]]>
            </full-stacktrace>
          </exception> <!-- org.openqa.selenium.NoSuchElementException -->
          <reporter-output>
          </reporter-output>
        </test-method> <!-- verificationTextAndSubmitSuccess -->
        <test-method status="PASS" signature="goToUrl()[pri:0, instance:AutomateForm.FormAutomate@e45eb6]" name="goToUrl" is-config="true" duration-ms="8645" started-at="2016-08-09T14:48:48Z" finished-at="2016-08-09T14:48:57Z">
          <reporter-output>
          </reporter-output>
        </test-method> <!-- goToUrl -->
        <test-method status="PASS" signature="nestedAndRandomIDElements()[pri:8, instance:AutomateForm.FormAutomate@e45eb6]" name="nestedAndRandomIDElements" duration-ms="192" started-at="2016-08-09T14:48:57Z" finished-at="2016-08-09T14:48:57Z">
          <reporter-output>
          </reporter-output>
        </test-method> <!-- nestedAndRandomIDElements -->
        <test-method status="PASS" signature="goToUrl()[pri:0, instance:AutomateForm.FormAutomate@e45eb6]" name="goToUrl" is-config="true" duration-ms="7764" started-at="2016-08-09T14:48:57Z" finished-at="2016-08-09T14:49:05Z">
          <reporter-output>
          </reporter-output>
        </test-method> <!-- goToUrl -->
        <test-method status="PASS" signature="alertJava()[pri:9, instance:AutomateForm.FormAutomate@e45eb6]" name="alertJava" duration-ms="438" started-at="2016-08-09T14:49:05Z" finished-at="2016-08-09T14:49:05Z">
          <reporter-output>
          </reporter-output>
        </test-method> <!-- alertJava -->
        <test-method status="PASS" signature="goToUrl()[pri:0, instance:AutomateForm.FormAutomate@e45eb6]" name="goToUrl" is-config="true" duration-ms="8374" started-at="2016-08-09T14:49:05Z" finished-at="2016-08-09T14:49:14Z">
          <reporter-output>
          </reporter-output>
        </test-method> <!-- goToUrl -->
        <test-method status="PASS" signature="timingAlertJava()[pri:10, instance:AutomateForm.FormAutomate@e45eb6]" name="timingAlertJava" duration-ms="462" started-at="2016-08-09T14:49:14Z" finished-at="2016-08-09T14:49:14Z">
          <reporter-output>
          </reporter-output>
        </test-method> <!-- timingAlertJava -->
        <test-method status="PASS" signature="goToUrl()[pri:0, instance:AutomateForm.FormAutomate@e45eb6]" name="goToUrl" is-config="true" duration-ms="9256" started-at="2016-08-09T14:49:14Z" finished-at="2016-08-09T14:49:23Z">
          <reporter-output>
          </reporter-output>
        </test-method> <!-- goToUrl -->
        <test-method status="PASS" signature="clockTimer()[pri:11, instance:AutomateForm.FormAutomate@e45eb6]" name="clockTimer" duration-ms="38026" started-at="2016-08-09T14:49:23Z" finished-at="2016-08-09T14:50:02Z">
          <reporter-output>
          </reporter-output>
        </test-method> <!-- clockTimer -->
        <test-method status="PASS" signature="goToUrl()[pri:0, instance:AutomateForm.FormAutomate@e45eb6]" name="goToUrl" is-config="true" duration-ms="7671" started-at="2016-08-09T14:50:02Z" finished-at="2016-08-09T14:50:09Z">
          <reporter-output>
          </reporter-output>
        </test-method> <!-- goToUrl -->
        <test-method status="PASS" signature="changeColorButton()[pri:12, instance:AutomateForm.FormAutomate@e45eb6]" name="changeColorButton" duration-ms="2391" started-at="2016-08-09T14:50:09Z" finished-at="2016-08-09T14:50:12Z">
          <reporter-output>
          </reporter-output>
        </test-method> <!-- changeColorButton -->
        <test-method status="PASS" signature="goToUrl()[pri:0, instance:AutomateForm.FormAutomate@e45eb6]" name="goToUrl" is-config="true" duration-ms="7277" started-at="2016-08-09T14:50:12Z" finished-at="2016-08-09T14:50:19Z">
          <reporter-output>
          </reporter-output>
        </test-method> <!-- goToUrl -->
        <test-method status="PASS" signature="changeColorButtonOnDoubleClick()[pri:12, instance:AutomateForm.FormAutomate@e45eb6]" name="changeColorButtonOnDoubleClick" duration-ms="340" started-at="2016-08-09T14:50:19Z" finished-at="2016-08-09T14:50:19Z">
          <reporter-output>
          </reporter-output>
        </test-method> <!-- changeColorButtonOnDoubleClick -->
        <test-method status="PASS" signature="goToUrl()[pri:0, instance:AutomateForm.FormAutomate@e45eb6]" name="goToUrl" is-config="true" duration-ms="7398" started-at="2016-08-09T14:50:19Z" finished-at="2016-08-09T14:50:27Z">
          <reporter-output>
          </reporter-output>
        </test-method> <!-- goToUrl -->
        <test-method status="PASS" signature="dragAndDrop()[pri:13, instance:AutomateForm.FormAutomate@e45eb6]" name="dragAndDrop" duration-ms="674" started-at="2016-08-09T14:50:27Z" finished-at="2016-08-09T14:50:27Z">
          <reporter-output>
          </reporter-output>
        </test-method> <!-- dragAndDrop -->
        <test-method status="PASS" signature="goToUrl()[pri:0, instance:AutomateForm.FormAutomate@e45eb6]" name="goToUrl" is-config="true" duration-ms="7003" started-at="2016-08-09T14:50:27Z" finished-at="2016-08-09T14:50:34Z">
          <reporter-output>
          </reporter-output>
        </test-method> <!-- goToUrl -->
        <test-method status="FAIL" signature="periodicElements()[pri:14, instance:AutomateForm.FormAutomate@e45eb6]" name="periodicElements" duration-ms="32" started-at="2016-08-09T14:50:34Z" finished-at="2016-08-09T14:50:34Z">
          <exception class="java.lang.IndexOutOfBoundsException">
            <message>
              <![CDATA[Index: 0, Size: 0]]>
            </message>
            <full-stacktrace>
              <![CDATA[java.lang.IndexOutOfBoundsException: Index: 0, Size: 0
	at java.util.ArrayList.rangeCheck(Unknown Source)
	at java.util.ArrayList.get(Unknown Source)
	at AutomateForm.FormAutomate.periodicElements(FormAutomate.java:357)
	at sun.reflect.NativeMethodAccessorImpl.invoke0(Native Method)
	at sun.reflect.NativeMethodAccessorImpl.invoke(Unknown Source)
	at sun.reflect.DelegatingMethodAccessorImpl.invoke(Unknown Source)
	at java.lang.reflect.Method.invoke(Unknown Source)
	at org.testng.internal.MethodInvocationHelper.invokeMethod(MethodInvocationHelper.java:86)
	at org.testng.internal.Invoker.invokeMethod(Invoker.java:643)
	at org.testng.internal.Invoker.invokeTestMethod(Invoker.java:820)
	at org.testng.internal.Invoker.invokeTestMethods(Invoker.java:1128)
	at org.testng.internal.TestMethodWorker.invokeTestMethods(TestMethodWorker.java:129)
	at org.testng.internal.TestMethodWorker.run(TestMethodWorker.java:112)
	at org.testng.TestRunner.privateRun(TestRunner.java:782)
	at org.testng.TestRunner.run(TestRunner.java:632)
	at org.testng.SuiteRunner.runTest(SuiteRunner.java:366)
	at org.testng.SuiteRunner.runSequentially(SuiteRunner.java:361)
	at org.testng.SuiteRunner.privateRun(SuiteRunner.java:319)
	at org.testng.SuiteRunner.run(SuiteRunner.java:268)
	at org.testng.SuiteRunnerWorker.runSuite(SuiteRunnerWorker.java:52)
	at org.testng.SuiteRunnerWorker.run(SuiteRunnerWorker.java:86)
	at org.testng.TestNG.runSuitesSequentially(TestNG.java:1244)
	at org.testng.TestNG.runSuitesLocally(TestNG.java:1169)
	at org.testng.TestNG.run(TestNG.java:1064)
	at org.testng.remote.AbstractRemoteTestNG.run(AbstractRemoteTestNG.java:126)
	at org.testng.remote.RemoteTestNG.initAndRun(RemoteTestNG.java:152)
	at org.testng.remote.RemoteTestNG.main(RemoteTestNG.java:57)
]]>
            </full-stacktrace>
          </exception> <!-- java.lang.IndexOutOfBoundsException -->
          <reporter-output>
          </reporter-output>
        </test-method> <!-- periodicElements -->
        <test-method status="PASS" signature="goToUrl()[pri:0, instance:AutomateForm.FormAutomate@e45eb6]" name="goToUrl" is-config="true" duration-ms="6983" started-at="2016-08-09T14:50:34Z" finished-at="2016-08-09T14:50:41Z">
          <reporter-output>
          </reporter-output>
        </test-method> <!-- goToUrl -->
        <test-method status="PASS" signature="verifyTitle()[pri:15, instance:AutomateForm.FormAutomate@e45eb6]" name="verifyTitle" duration-ms="119" started-at="2016-08-09T14:50:41Z" finished-at="2016-08-09T14:50:41Z">
          <reporter-output>
          </reporter-output>
        </test-method> <!-- verifyTitle -->
        <test-method status="PASS" signature="goToUrl()[pri:0, instance:AutomateForm.FormAutomate@e45eb6]" name="goToUrl" is-config="true" duration-ms="8073" started-at="2016-08-09T14:50:41Z" finished-at="2016-08-09T14:50:49Z">
          <reporter-output>
          </reporter-output>
        </test-method> <!-- goToUrl -->
        <test-method status="PASS" signature="newBrowserTab()[pri:17, instance:AutomateForm.FormAutomate@e45eb6]" name="newBrowserTab" duration-ms="65863" started-at="2016-08-09T14:50:49Z" finished-at="2016-08-09T14:51:55Z">
          <reporter-output>
          </reporter-output>
        </test-method> <!-- newBrowserTab -->
        <test-method status="PASS" signature="goToUrl()[pri:0, instance:AutomateForm.FormAutomate@e45eb6]" name="goToUrl" is-config="true" duration-ms="9794" started-at="2016-08-09T14:51:55Z" finished-at="2016-08-09T14:52:05Z">
          <reporter-output>
          </reporter-output>
        </test-method> <!-- goToUrl -->
        <test-method status="PASS" signature="newBrowserWindow()[pri:17, instance:AutomateForm.FormAutomate@e45eb6]" name="newBrowserWindow" duration-ms="10703" started-at="2016-08-09T14:52:05Z" finished-at="2016-08-09T14:52:16Z">
          <reporter-output>
          </reporter-output>
        </test-method> <!-- newBrowserWindow -->
        <test-method status="PASS" signature="goToUrl()[pri:0, instance:AutomateForm.FormAutomate@e45eb6]" name="goToUrl" is-config="true" duration-ms="9251" started-at="2016-08-09T14:52:16Z" finished-at="2016-08-09T14:52:25Z">
          <reporter-output>
          </reporter-output>
        </test-method> <!-- goToUrl -->
        <test-method status="FAIL" signature="newMessageWindow()[pri:17, instance:AutomateForm.FormAutomate@e45eb6]" name="newMessageWindow" duration-ms="615" started-at="2016-08-09T14:52:25Z" finished-at="2016-08-09T14:52:26Z">
          <exception class="java.lang.AssertionError">
            <message>
              <![CDATA[expected [true] but found [false]]]>
            </message>
            <full-stacktrace>
              <![CDATA[java.lang.AssertionError: expected [true] but found [false]
	at org.testng.Assert.fail(Assert.java:94)
	at org.testng.Assert.failNotEquals(Assert.java:513)
	at org.testng.Assert.assertTrue(Assert.java:42)
	at org.testng.Assert.assertTrue(Assert.java:52)
	at AutomateForm.FormAutomate.newMessageWindow(FormAutomate.java:224)
	at sun.reflect.NativeMethodAccessorImpl.invoke0(Native Method)
	at sun.reflect.NativeMethodAccessorImpl.invoke(Unknown Source)
	at sun.reflect.DelegatingMethodAccessorImpl.invoke(Unknown Source)
	at java.lang.reflect.Method.invoke(Unknown Source)
	at org.testng.internal.MethodInvocationHelper.invokeMethod(MethodInvocationHelper.java:86)
	at org.testng.internal.Invoker.invokeMethod(Invoker.java:643)
	at org.testng.internal.Invoker.invokeTestMethod(Invoker.java:820)
	at org.testng.internal.Invoker.invokeTestMethods(Invoker.java:1128)
	at org.testng.internal.TestMethodWorker.invokeTestMethods(TestMethodWorker.java:129)
	at org.testng.internal.TestMethodWorker.run(TestMethodWorker.java:112)
	at org.testng.TestRunner.privateRun(TestRunner.java:782)
	at org.testng.TestRunner.run(TestRunner.java:632)
	at org.testng.SuiteRunner.runTest(SuiteRunner.java:366)
	at org.testng.SuiteRunner.runSequentially(SuiteRunner.java:361)
	at org.testng.SuiteRunner.privateRun(SuiteRunner.java:319)
	at org.testng.SuiteRunner.run(SuiteRunner.java:268)
	at org.testng.SuiteRunnerWorker.runSuite(SuiteRunnerWorker.java:52)
	at org.testng.SuiteRunnerWorker.run(SuiteRunnerWorker.java:86)
	at org.testng.TestNG.runSuitesSequentially(TestNG.java:1244)
	at org.testng.TestNG.runSuitesLocally(TestNG.java:1169)
	at org.testng.TestNG.run(TestNG.java:1064)
	at org.testng.remote.AbstractRemoteTestNG.run(AbstractRemoteTestNG.java:126)
	at org.testng.remote.RemoteTestNG.initAndRun(RemoteTestNG.java:152)
	at org.testng.remote.RemoteTestNG.main(RemoteTestNG.java:57)
]]>
            </full-stacktrace>
          </exception> <!-- java.lang.AssertionError -->
          <reporter-output>
          </reporter-output>
        </test-method> <!-- newMessageWindow -->
        <test-method status="PASS" signature="closeBrowser()[pri:0, instance:AutomateForm.FormAutomate@e45eb6]" name="closeBrowser" is-config="true" duration-ms="1039" started-at="2016-08-09T14:52:26Z" finished-at="2016-08-09T14:52:27Z">
          <reporter-output>
          </reporter-output>
        </test-method> <!-- closeBrowser -->
      </class> <!-- AutomateForm.FormAutomate -->
    </test> <!-- Default test -->
  </suite> <!-- Default suite -->
</testng-results>
